<?xml version="1.0" encoding="UTF-8" ?>
<testsuite tests="14" failures="0" name="step_definitions.RunCukesTest" time="0.027" errors="2" skipped="2">
  <properties>
    <property name="java.runtime.name" value="Java(TM) SE Runtime Environment"/>
    <property name="sun.boot.library.path" value="/usr/lib/jvm/jdk1.8.0_361/jre/lib/amd64"/>
    <property name="java.vm.version" value="25.361-b09"/>
    <property name="java.vm.vendor" value="Oracle Corporation"/>
    <property name="maven.multiModuleProjectDirectory" value="/home/kukuh/AlteraAcademy/Automation/Amazon-AutomationTesting"/>
    <property name="java.vendor.url" value="http://java.oracle.com/"/>
    <property name="path.separator" value=":"/>
    <property name="guice.disable.misplaced.annotation.check" value="true"/>
    <property name="java.vm.name" value="Java HotSpot(TM) 64-Bit Server VM"/>
    <property name="file.encoding.pkg" value="sun.io"/>
    <property name="user.country" value="US"/>
    <property name="sun.java.launcher" value="SUN_STANDARD"/>
    <property name="sun.os.patch.level" value="unknown"/>
    <property name="java.vm.specification.name" value="Java Virtual Machine Specification"/>
    <property name="user.dir" value="/home/kukuh/AlteraAcademy/Automation/Amazon-AutomationTesting"/>
    <property name="java.runtime.version" value="1.8.0_361-b09"/>
    <property name="java.awt.graphicsenv" value="sun.awt.X11GraphicsEnvironment"/>
    <property name="java.endorsed.dirs" value="/usr/lib/jvm/jdk1.8.0_361/jre/lib/endorsed"/>
    <property name="os.arch" value="amd64"/>
    <property name="java.io.tmpdir" value="/tmp"/>
    <property name="line.separator" value="
"/>
    <property name="java.vm.specification.vendor" value="Oracle Corporation"/>
    <property name="os.name" value="Linux"/>
    <property name="classworlds.conf" value="/home/linuxbrew/.linuxbrew/Cellar/maven/3.8.7/libexec/bin/m2.conf"/>
    <property name="sun.jnu.encoding" value="UTF-8"/>
    <property name="java.library.path" value="/usr/java/packages/lib/amd64:/usr/lib64:/lib64:/lib:/usr/lib"/>
    <property name="maven.conf" value="/home/linuxbrew/.linuxbrew/Cellar/maven/3.8.7/libexec/conf"/>
    <property name="java.specification.name" value="Java Platform API Specification"/>
    <property name="java.class.version" value="52.0"/>
    <property name="sun.management.compiler" value="HotSpot 64-Bit Tiered Compilers"/>
    <property name="os.version" value="5.15.0-60-generic"/>
    <property name="library.jansi.path" value="/home/linuxbrew/.linuxbrew/Cellar/maven/3.8.7/libexec/lib/jansi-native"/>
    <property name="user.home" value="/home/kukuh"/>
    <property name="user.timezone" value="Asia/Jakarta"/>
    <property name="java.awt.printerjob" value="sun.print.PSPrinterJob"/>
    <property name="java.specification.version" value="1.8"/>
    <property name="file.encoding" value="UTF-8"/>
    <property name="user.name" value="kukuh"/>
    <property name="java.class.path" value="/home/linuxbrew/.linuxbrew/Cellar/maven/3.8.7/libexec/boot/plexus-classworlds-2.6.0.jar"/>
    <property name="java.vm.specification.version" value="1.8"/>
    <property name="sun.arch.data.model" value="64"/>
    <property name="java.home" value="/usr/lib/jvm/jdk1.8.0_361/jre"/>
    <property name="sun.java.command" value="org.codehaus.plexus.classworlds.launcher.Launcher clean verify"/>
    <property name="java.specification.vendor" value="Oracle Corporation"/>
    <property name="user.language" value="en"/>
    <property name="awt.toolkit" value="sun.awt.X11.XToolkit"/>
    <property name="java.vm.info" value="mixed mode"/>
    <property name="java.version" value="1.8.0_361"/>
    <property name="java.ext.dirs" value="/usr/lib/jvm/jdk1.8.0_361/jre/lib/ext:/usr/java/packages/lib/ext"/>
    <property name="sun.boot.class.path" value="/usr/lib/jvm/jdk1.8.0_361/jre/lib/resources.jar:/usr/lib/jvm/jdk1.8.0_361/jre/lib/rt.jar:/usr/lib/jvm/jdk1.8.0_361/jre/lib/jsse.jar:/usr/lib/jvm/jdk1.8.0_361/jre/lib/jce.jar:/usr/lib/jvm/jdk1.8.0_361/jre/lib/charsets.jar:/usr/lib/jvm/jdk1.8.0_361/jre/lib/jfr.jar:/usr/lib/jvm/jdk1.8.0_361/jre/classes"/>
    <property name="java.vendor" value="Oracle Corporation"/>
    <property name="java.specification.maintenance.version" value="4"/>
    <property name="maven.home" value="/home/linuxbrew/.linuxbrew/Cellar/maven/3.8.7/libexec"/>
    <property name="file.separator" value="/"/>
    <property name="java.vendor.url.bug" value="http://bugreport.sun.com/bugreport/"/>
    <property name="sun.cpu.endian" value="little"/>
    <property name="sun.io.unicode.encoding" value="UnicodeLittle"/>
    <property name="sun.desktop" value="gnome"/>
    <property name="sun.cpu.isalist" value=""/>
  </properties>
  <testcase classname="Given User open the website sauce demo(| Sauce Labs Onesie | Test.allTheThings() T-Shirt (Red) | Test.allTheThings() T-Shirt (Red) | Price (low to high) | kukuh | pradipto | 12345 |)" name="Given User open the website sauce demo(| Sauce Labs Onesie | Test.allTheThings() T-Shirt (Red) | Test.allTheThings() T-Shirt (Red) | Price " time="0.01"/>
  <testcase classname="When User input &quot;standard_user&quot; as userName and Input &quot;secret_sauce&quot; as password(| Sauce Labs Onesie | Test.allTheThings() T-Shirt (Red) | Test.allTheThings() T-Shirt (Red) | Price (low to high) | kukuh | pradipto | 12345 |)" name="When User input &quot;standard_user&quot; as userName and Input &quot;secret_sauce&quot; as password(| Sauce Labs Onesie | Test.allTheThings() T-Shirt (Red) | Test.allTheThings() T-Shirt (Red) | Price " time="0.001"/>
  <testcase classname="Then User already on landing page(| Sauce Labs Onesie | Test.allTheThings() T-Shirt (Red) | Test.allTheThings() T-Shirt (Red) | Price (low to high) | kukuh | pradipto | 12345 |)" name="Then User already on landing page(| Sauce Labs Onesie | Test.allTheThings() T-Shirt (Red) | Test.allTheThings() T-Shirt (Red) | Price " time="0"/>
  <testcase classname="When User choose product list by &quot;Price (low to high)&quot;(| Sauce Labs Onesie | Test.allTheThings() T-Shirt (Red) | Test.allTheThings() T-Shirt (Red) | Price (low to high) | kukuh | pradipto | 12345 |)" name="When User choose product list by &quot;Price (low to high)&quot;(| Sauce Labs Onesie | Test.allTheThings() T-Shirt (Red) | Test.allTheThings() T-Shirt (Red) | Price " time="0"/>
  <testcase classname="And User choice 2 product from the list &quot;Sauce Labs Onesie&quot; and &quot;Test.allTheThings() T-Shirt (Red)&quot;(| Sauce Labs Onesie | Test.allTheThings() T-Shirt (Red) | Test.allTheThings() T-Shirt (Red) | Price (low to high) | kukuh | pradipto | 12345 |)" name="And User choice 2 product from the list &quot;Sauce Labs Onesie&quot; and &quot;Test.allTheThings() T-Shirt (Red)&quot;(| Sauce Labs Onesie | Test.allTheThings() T-Shirt (Red) | Test.allTheThings() T-Shirt (Red) | Price " time="0"/>
  <testcase classname="Then User click on icon cart to verify product(| Sauce Labs Onesie | Test.allTheThings() T-Shirt (Red) | Test.allTheThings() T-Shirt (Red) | Price (low to high) | kukuh | pradipto | 12345 |)" name="Then User click on icon cart to verify product(| Sauce Labs Onesie | Test.allTheThings() T-Shirt (Red) | Test.allTheThings() T-Shirt (Red) | Price " time="0"/>
  <testcase classname="And User delete product &quot;Test.allTheThings() T-Shirt (Red)&quot;(| Sauce Labs Onesie | Test.allTheThings() T-Shirt (Red) | Test.allTheThings() T-Shirt (Red) | Price (low to high) | kukuh | pradipto | 12345 |)" name="And User delete product &quot;Test.allTheThings() T-Shirt (Red)&quot;(| Sauce Labs Onesie | Test.allTheThings() T-Shirt (Red) | Test.allTheThings() T-Shirt (Red) | Price " time="0"/>
  <testcase classname="And User click button checkout(| Sauce Labs Onesie | Test.allTheThings() T-Shirt (Red) | Test.allTheThings() T-Shirt (Red) | Price (low to high) | kukuh | pradipto | 12345 |)" name="And User click button checkout(| Sauce Labs Onesie | Test.allTheThings() T-Shirt (Red) | Test.allTheThings() T-Shirt (Red) | Price " time="0"/>
  <testcase classname="When User input Check Out Form in Firs Name &quot;kukuh&quot;, Last Name &quot;pradipto&quot; and Partial Code &quot;12345&quot;.(| Sauce Labs Onesie | Test.allTheThings() T-Shirt (Red) | Test.allTheThings() T-Shirt (Red) | Price (low to high) | kukuh | pradipto | 12345 |)" name="When User input Check Out Form in Firs Name &quot;kukuh&quot;, Last Name &quot;pradipto&quot; and Partial Code &quot;12345&quot;.(| Sauce Labs Onesie | Test.allTheThings() T-Shirt (Red) | Test.allTheThings() T-Shirt (Red) | Price " time="0"/>
  <testcase classname="And User verify nominal taxt(| Sauce Labs Onesie | Test.allTheThings() T-Shirt (Red) | Test.allTheThings() T-Shirt (Red) | Price (low to high) | kukuh | pradipto | 12345 |)" name="And User verify nominal taxt(| Sauce Labs Onesie | Test.allTheThings() T-Shirt (Red) | Test.allTheThings() T-Shirt (Red) | Price " time="0"/>
  <testcase classname="And User verify Summary total Checkout(| Sauce Labs Onesie | Test.allTheThings() T-Shirt (Red) | Test.allTheThings() T-Shirt (Red) | Price (low to high) | kukuh | pradipto | 12345 |)" name="And User verify Summary total Checkout(| Sauce Labs Onesie | Test.allTheThings() T-Shirt (Red) | Test.allTheThings() T-Shirt (Red) | Price " time="0.003">
    <error message="no such element: Unable to locate element: {&quot;method&quot;:&quot;xpath&quot;,&quot;selector&quot;:&quot;//div[@class=&apos;summary_total_label&apos;]&quot;}
  (Session info: chrome=110.0.5481.177)
For documentation on this error, please visit: https://selenium.dev/exceptions/#no_such_element
Build info: version: &apos;4.1.2&apos;, revision: &apos;9a5a329c5a&apos;
System info: host: &apos;user&apos;, ip: &apos;192.168.1.71&apos;, os.name: &apos;Linux&apos;, os.arch: &apos;amd64&apos;, os.version: &apos;5.15.0-60-generic&apos;, java.version: &apos;1.8.0_361&apos;
Driver info: org.openqa.selenium.chrome.ChromeDriver
Command: [99d87aa3a2c0ed108a63ed174f23bdca, findElement {using=xpath, value=//div[@class=&apos;summary_total_label&apos;]}]
Capabilities {acceptInsecureCerts: false, browserName: chrome, browserVersion: 110.0.5481.177, chrome: {chromedriverVersion: 110.0.5481.77 (65ed616c6e8e..., userDataDir: /tmp/.com.google.Chrome.WkDBmc}, goog:chromeOptions: {debuggerAddress: localhost:43333}, javascriptEnabled: true, networkConnectionEnabled: false, pageLoadStrategy: normal, platform: LINUX, platformName: LINUX, proxy: Proxy(), se:cdp: ws://localhost:43333/devtoo..., se:cdpVersion: 110.0.5481.177, setWindowRect: true, strictFileInteractability: false, timeouts: {implicit: 0, pageLoad: 300000, script: 30000}, unhandledPromptBehavior: dismiss and notify, webauthn:extension:credBlob: true, webauthn:extension:largeBlob: true, webauthn:virtualAuthenticators: true}
Session ID: 99d87aa3a2c0ed108a63ed174f23bdca" type="org.openqa.selenium.NoSuchElementException">org.openqa.selenium.NoSuchElementException: no such element: Unable to locate element: {&quot;method&quot;:&quot;xpath&quot;,&quot;selector&quot;:&quot;//div[@class=&apos;summary_total_label&apos;]&quot;}
  (Session info: chrome=110.0.5481.177)
For documentation on this error, please visit: https://selenium.dev/exceptions/#no_such_element
Build info: version: &apos;4.1.2&apos;, revision: &apos;9a5a329c5a&apos;
System info: host: &apos;user&apos;, ip: &apos;192.168.1.71&apos;, os.name: &apos;Linux&apos;, os.arch: &apos;amd64&apos;, os.version: &apos;5.15.0-60-generic&apos;, java.version: &apos;1.8.0_361&apos;
Driver info: org.openqa.selenium.chrome.ChromeDriver
Command: [99d87aa3a2c0ed108a63ed174f23bdca, findElement {using=xpath, value=//div[@class=&apos;summary_total_label&apos;]}]
Capabilities {acceptInsecureCerts: false, browserName: chrome, browserVersion: 110.0.5481.177, chrome: {chromedriverVersion: 110.0.5481.77 (65ed616c6e8e..., userDataDir: /tmp/.com.google.Chrome.WkDBmc}, goog:chromeOptions: {debuggerAddress: localhost:43333}, javascriptEnabled: true, networkConnectionEnabled: false, pageLoadStrategy: normal, platform: LINUX, platformName: LINUX, proxy: Proxy(), se:cdp: ws://localhost:43333/devtoo..., se:cdpVersion: 110.0.5481.177, setWindowRect: true, strictFileInteractability: false, timeouts: {implicit: 0, pageLoad: 300000, script: 30000}, unhandledPromptBehavior: dismiss and notify, webauthn:extension:credBlob: true, webauthn:extension:largeBlob: true, webauthn:virtualAuthenticators: true}
Session ID: 99d87aa3a2c0ed108a63ed174f23bdca
	at sun.reflect.NativeConstructorAccessorImpl.newInstance0(Native Method)
	at sun.reflect.NativeConstructorAccessorImpl.newInstance(NativeConstructorAccessorImpl.java:62)
	at sun.reflect.DelegatingConstructorAccessorImpl.newInstance(DelegatingConstructorAccessorImpl.java:45)
	at java.lang.reflect.Constructor.newInstance(Constructor.java:423)
	at org.openqa.selenium.remote.codec.w3c.W3CHttpResponseCodec.createException(W3CHttpResponseCodec.java:200)
	at org.openqa.selenium.remote.codec.w3c.W3CHttpResponseCodec.decode(W3CHttpResponseCodec.java:133)
	at org.openqa.selenium.remote.codec.w3c.W3CHttpResponseCodec.decode(W3CHttpResponseCodec.java:53)
	at org.openqa.selenium.remote.HttpCommandExecutor.execute(HttpCommandExecutor.java:184)
	at org.openqa.selenium.remote.service.DriverCommandExecutor.invokeExecute(DriverCommandExecutor.java:167)
	at org.openqa.selenium.remote.service.DriverCommandExecutor.execute(DriverCommandExecutor.java:142)
	at org.openqa.selenium.remote.RemoteWebDriver.execute(RemoteWebDriver.java:558)
	at org.openqa.selenium.remote.ElementLocation$ElementFinder$2.findElement(ElementLocation.java:162)
	at org.openqa.selenium.remote.ElementLocation.findElement(ElementLocation.java:60)
	at org.openqa.selenium.remote.RemoteWebDriver.findElement(RemoteWebDriver.java:382)
	at org.openqa.selenium.remote.RemoteWebDriver.findElement(RemoteWebDriver.java:374)
	at org.openqa.selenium.support.pagefactory.DefaultElementLocator.findElement(DefaultElementLocator.java:70)
	at org.openqa.selenium.support.pagefactory.internal.LocatingElementHandler.invoke(LocatingElementHandler.java:39)
	at com.sun.proxy.$Proxy21.getText(Unknown Source)
	at pageObject.CheckOutPage.nominalTotal(CheckOutPage.java:63)
	at step_definitions.Handphone.CheckoutStep.verifyNominalTotal(CheckoutStep.java:67)
	at ✽.And User verify Summary total Checkout(features/Handphone/Complete.feature:17)
</error>
  </testcase>
  <testcase classname="| Sauce Labs Onesie | Test.allTheThings() T-Shirt (Red) | Test.allTheThings() T-Shirt (Red) | Price (low to high) | kukuh | pradipto | 12345 |" name="| Sauce Labs Onesie | Test.allTheThings() T-Shirt (Red) | Test.allTheThings() T-Shirt (Red) | Price " time="0.004">
    <error message="no such element: Unable to locate element: {&quot;method&quot;:&quot;xpath&quot;,&quot;selector&quot;:&quot;//div[@class=&apos;summary_total_label&apos;]&quot;}
  (Session info: chrome=110.0.5481.177)
For documentation on this error, please visit: https://selenium.dev/exceptions/#no_such_element
Build info: version: &apos;4.1.2&apos;, revision: &apos;9a5a329c5a&apos;
System info: host: &apos;user&apos;, ip: &apos;192.168.1.71&apos;, os.name: &apos;Linux&apos;, os.arch: &apos;amd64&apos;, os.version: &apos;5.15.0-60-generic&apos;, java.version: &apos;1.8.0_361&apos;
Driver info: org.openqa.selenium.chrome.ChromeDriver
Command: [99d87aa3a2c0ed108a63ed174f23bdca, findElement {using=xpath, value=//div[@class=&apos;summary_total_label&apos;]}]
Capabilities {acceptInsecureCerts: false, browserName: chrome, browserVersion: 110.0.5481.177, chrome: {chromedriverVersion: 110.0.5481.77 (65ed616c6e8e..., userDataDir: /tmp/.com.google.Chrome.WkDBmc}, goog:chromeOptions: {debuggerAddress: localhost:43333}, javascriptEnabled: true, networkConnectionEnabled: false, pageLoadStrategy: normal, platform: LINUX, platformName: LINUX, proxy: Proxy(), se:cdp: ws://localhost:43333/devtoo..., se:cdpVersion: 110.0.5481.177, setWindowRect: true, strictFileInteractability: false, timeouts: {implicit: 0, pageLoad: 300000, script: 30000}, unhandledPromptBehavior: dismiss and notify, webauthn:extension:credBlob: true, webauthn:extension:largeBlob: true, webauthn:virtualAuthenticators: true}
Session ID: 99d87aa3a2c0ed108a63ed174f23bdca" type="org.openqa.selenium.NoSuchElementException">org.openqa.selenium.NoSuchElementException: no such element: Unable to locate element: {&quot;method&quot;:&quot;xpath&quot;,&quot;selector&quot;:&quot;//div[@class=&apos;summary_total_label&apos;]&quot;}
  (Session info: chrome=110.0.5481.177)
For documentation on this error, please visit: https://selenium.dev/exceptions/#no_such_element
Build info: version: &apos;4.1.2&apos;, revision: &apos;9a5a329c5a&apos;
System info: host: &apos;user&apos;, ip: &apos;192.168.1.71&apos;, os.name: &apos;Linux&apos;, os.arch: &apos;amd64&apos;, os.version: &apos;5.15.0-60-generic&apos;, java.version: &apos;1.8.0_361&apos;
Driver info: org.openqa.selenium.chrome.ChromeDriver
Command: [99d87aa3a2c0ed108a63ed174f23bdca, findElement {using=xpath, value=//div[@class=&apos;summary_total_label&apos;]}]
Capabilities {acceptInsecureCerts: false, browserName: chrome, browserVersion: 110.0.5481.177, chrome: {chromedriverVersion: 110.0.5481.77 (65ed616c6e8e..., userDataDir: /tmp/.com.google.Chrome.WkDBmc}, goog:chromeOptions: {debuggerAddress: localhost:43333}, javascriptEnabled: true, networkConnectionEnabled: false, pageLoadStrategy: normal, platform: LINUX, platformName: LINUX, proxy: Proxy(), se:cdp: ws://localhost:43333/devtoo..., se:cdpVersion: 110.0.5481.177, setWindowRect: true, strictFileInteractability: false, timeouts: {implicit: 0, pageLoad: 300000, script: 30000}, unhandledPromptBehavior: dismiss and notify, webauthn:extension:credBlob: true, webauthn:extension:largeBlob: true, webauthn:virtualAuthenticators: true}
Session ID: 99d87aa3a2c0ed108a63ed174f23bdca
	at sun.reflect.NativeConstructorAccessorImpl.newInstance0(Native Method)
	at sun.reflect.NativeConstructorAccessorImpl.newInstance(NativeConstructorAccessorImpl.java:62)
	at sun.reflect.DelegatingConstructorAccessorImpl.newInstance(DelegatingConstructorAccessorImpl.java:45)
	at java.lang.reflect.Constructor.newInstance(Constructor.java:423)
	at org.openqa.selenium.remote.codec.w3c.W3CHttpResponseCodec.createException(W3CHttpResponseCodec.java:200)
	at org.openqa.selenium.remote.codec.w3c.W3CHttpResponseCodec.decode(W3CHttpResponseCodec.java:133)
	at org.openqa.selenium.remote.codec.w3c.W3CHttpResponseCodec.decode(W3CHttpResponseCodec.java:53)
	at org.openqa.selenium.remote.HttpCommandExecutor.execute(HttpCommandExecutor.java:184)
	at org.openqa.selenium.remote.service.DriverCommandExecutor.invokeExecute(DriverCommandExecutor.java:167)
	at org.openqa.selenium.remote.service.DriverCommandExecutor.execute(DriverCommandExecutor.java:142)
	at org.openqa.selenium.remote.RemoteWebDriver.execute(RemoteWebDriver.java:558)
	at org.openqa.selenium.remote.ElementLocation$ElementFinder$2.findElement(ElementLocation.java:162)
	at org.openqa.selenium.remote.ElementLocation.findElement(ElementLocation.java:60)
	at org.openqa.selenium.remote.RemoteWebDriver.findElement(RemoteWebDriver.java:382)
	at org.openqa.selenium.remote.RemoteWebDriver.findElement(RemoteWebDriver.java:374)
	at org.openqa.selenium.support.pagefactory.DefaultElementLocator.findElement(DefaultElementLocator.java:70)
	at org.openqa.selenium.support.pagefactory.internal.LocatingElementHandler.invoke(LocatingElementHandler.java:39)
	at com.sun.proxy.$Proxy21.getText(Unknown Source)
	at pageObject.CheckOutPage.nominalTotal(CheckOutPage.java:63)
	at step_definitions.Handphone.CheckoutStep.verifyNominalTotal(CheckoutStep.java:67)
	at ✽.And User verify Summary total Checkout(features/Handphone/Complete.feature:17)
</error>
  </testcase>
  <testcase classname="And User click button finish(| Sauce Labs Onesie | Test.allTheThings() T-Shirt (Red) | Test.allTheThings() T-Shirt (Red) | Price (low to high) | kukuh | pradipto | 12345 |)" name="And User click button finish(| Sauce Labs Onesie | Test.allTheThings() T-Shirt (Red) | Test.allTheThings() T-Shirt (Red) | Price " time="0.004">
    <skipped/>
  </testcase>
  <testcase classname="Then User complete order(| Sauce Labs Onesie | Test.allTheThings() T-Shirt (Red) | Test.allTheThings() T-Shirt (Red) | Price (low to high) | kukuh | pradipto | 12345 |)" name="Then User complete order(| Sauce Labs Onesie | Test.allTheThings() T-Shirt (Red) | Test.allTheThings() T-Shirt (Red) | Price " time="0.005">
    <skipped/>
  </testcase>
</testsuite>